<?xml version="1.0" encoding="UTF-8"?>
<!-- Generated by org.testng.reporters.JUnitXMLReporter -->
<testsuite ignored="0" hostname="LAPTOP-NE2IDBQV" failures="0" tests="4" name="Default test" time="9.102" errors="0" timestamp="2020-05-13T12:54:10 IST">
  <testcase classname="com.petstore.pet.EndToEndSmokeTest" name="createPetTest" time="5.133"/>
  <testcase classname="com.petstore.pet.EndToEndSmokeTest" name="GetPetDetailsTest" time="0.753"/>
  <testcase classname="com.petstore.pet.EndToEndSmokeTest" name="updatePetDetailsTest" time="0.788"/>
  <testcase classname="com.petstore.pet.EndToEndSmokeTest" name="deletePetDetailsTest" time="0.756"/>
</testsuite> <!-- Default test -->
