<?xml version="1.0" encoding="UTF-8"?>
<!-- Generated by org.testng.reporters.JUnitXMLReporter -->
<testsuite ignored="0" hostname="LAPTOP-NE2IDBQV" failures="0" tests="4" name="Test" time="6.33" errors="0" timestamp="2020-05-12T22:53:52 IST">
  <testcase classname="com.petstore.pet.EndToEndSmokeTest" name="createPetTest" time="3.828"/>
  <testcase classname="com.petstore.pet.EndToEndSmokeTest" name="GetPetDetailsTest" time="0.851"/>
  <testcase classname="com.petstore.pet.EndToEndSmokeTest" name="updatePetDetailsTest" time="0.803"/>
  <testcase classname="com.petstore.pet.EndToEndSmokeTest" name="deletePetDetailsTest" time="0.76"/>
</testsuite> <!-- Test -->
